<?xml version="1.0" encoding="UTF-8"?>
<!-- Generated by org.testng.reporters.JUnitXMLReporter -->
<testsuite hostname="NGBLR-00735" name="Default test" tests="1" failures="0" timestamp="16 Feb 2019 06:24:02 GMT" time="0.028" errors="0">
  <testcase name="@BeforeTest baseMethod" time="0.0" classname="Plivo.Interview.DragAndDrop_Test">
    <failure type="org.testng.TestNGException" message="
Parameter &amp;apos;browserName&amp;apos; is required by @Configuration on method baseMethod but has not been marked @Optional or defined
in C:\Users\Sharathu\AppData\Local\Temp\testng-eclipse-487380327\testng-customsuite.xml">
      <![CDATA[org.testng.TestNGException: 
Parameter 'browserName' is required by @Configuration on method baseMethod but has not been marked @Optional or defined
in C:\Users\Sharathu\AppData\Local\Temp\testng-eclipse-487380327\testng-customsuite.xml
	at org.testng.internal.Parameters.createParameters(Parameters.java:154)
	at org.testng.internal.Parameters.createParameters(Parameters.java:361)
	at org.testng.internal.Parameters.createConfigurationParameters(Parameters.java:84)
	at org.testng.internal.Invoker.invokeConfigurations(Invoker.java:197)
	at org.testng.internal.Invoker.invokeConfigurations(Invoker.java:138)
	at org.testng.TestRunner.beforeRun(TestRunner.java:648)
	at org.testng.TestRunner.run(TestRunner.java:616)
	at org.testng.SuiteRunner.runTest(SuiteRunner.java:359)
	at org.testng.SuiteRunner.runSequentially(SuiteRunner.java:354)
	at org.testng.SuiteRunner.privateRun(SuiteRunner.java:312)
	at org.testng.SuiteRunner.run(SuiteRunner.java:261)
	at org.testng.SuiteRunnerWorker.runSuite(SuiteRunnerWorker.java:52)
	at org.testng.SuiteRunnerWorker.run(SuiteRunnerWorker.java:86)
	at org.testng.TestNG.runSuitesSequentially(TestNG.java:1215)
	at org.testng.TestNG.runSuitesLocally(TestNG.java:1140)
	at org.testng.TestNG.run(TestNG.java:1048)
	at org.testng.remote.AbstractRemoteTestNG.run(AbstractRemoteTestNG.java:114)
	at org.testng.remote.RemoteTestNG.initAndRun(RemoteTestNG.java:251)
	at org.testng.remote.RemoteTestNG.main(RemoteTestNG.java:77)
]]>
    </failure>
  </testcase> <!-- @BeforeTest baseMethod -->
  <testcase name="@AfterTest closeBrowser" time="0.0" classname="Plivo.Interview.DragAndDrop_Test">
    <skipped/>
  </testcase> <!-- @AfterTest closeBrowser -->
  <testcase name="plivoTest" time="0.005" classname="Plivo.Interview.DragAndDrop_Test">
    <skipped/>
  </testcase> <!-- plivoTest -->
</testsuite> <!-- Default test -->
